{"timestamp": "2025-12-14T15:23:36.988743", "level": "ERROR", "logger": "backend", "message": "Erro: POST http://127.0.0.1:8000/views/debug - TypeError", "module": "logger", "function": "log_error", "line": 91, "request_id": "33880b9b-fab4-4961-ad6b-f8519ac98be4", "event_type": "error", "method": "POST", "url": "http://127.0.0.1:8000/views/debug", "status_code": 500, "error_type": "TypeError", "error_message": "Repository.fetch_all() got an unexpected keyword argument 'cols'", "exception": "Traceback (most recent call last):\n  File \"C:\\Users\\thais\\OneDrive\\Documentos\\GitHub\\gestock\\backend\\backend\\logging_middleware.py\", line 37, in dispatch\n    response = await call_next(request)\n               ^^^^^^^^^^^^^^^^^^^^^^^^\n  File \"C:\\Users\\thais\\AppData\\Local\\pypoetry\\Cache\\virtualenvs\\backend-_k5Wmz7H-py3.14\\Lib\\site-packages\\starlette\\middleware\\base.py\", line 168, in call_next\n    raise app_exc from app_exc.__cause__ or app_exc.__context__\n  File \"C:\\Users\\thais\\AppData\\Local\\pypoetry\\Cache\\virtualenvs\\backend-_k5Wmz7H-py3.14\\Lib\\site-packages\\starlette\\middleware\\base.py\", line 144, in coro\n    await self.app(scope, receive_or_disconnect, send_no_error)\n  File \"C:\\Users\\thais\\AppData\\Local\\pypoetry\\Cache\\virtualenvs\\backend-_k5Wmz7H-py3.14\\Lib\\site-packages\\starlette\\middleware\\cors.py\", line 93, in __call__\n    await self.simple_response(scope, receive, send, request_headers=headers)\n  File \"C:\\Users\\thais\\AppData\\Local\\pypoetry\\Cache\\virtualenvs\\backend-_k5Wmz7H-py3.14\\Lib\\site-packages\\starlette\\middleware\\cors.py\", line 144, in simple_response\n    await self.app(scope, receive, send)\n  File \"C:\\Users\\thais\\AppData\\Local\\pypoetry\\Cache\\virtualenvs\\backend-_k5Wmz7H-py3.14\\Lib\\site-packages\\starlette\\middleware\\exceptions.py\", line 63, in __call__\n    await wrap_app_handling_exceptions(self.app, conn)(scope, receive, send)\n  File \"C:\\Users\\thais\\AppData\\Local\\pypoetry\\Cache\\virtualenvs\\backend-_k5Wmz7H-py3.14\\Lib\\site-packages\\starlette\\_exception_handler.py\", line 53, in wrapped_app\n    raise exc\n  File \"C:\\Users\\thais\\AppData\\Local\\pypoetry\\Cache\\virtualenvs\\backend-_k5Wmz7H-py3.14\\Lib\\site-packages\\starlette\\_exception_handler.py\", line 42, in wrapped_app\n    await app(scope, receive, sender)\n  File \"C:\\Users\\thais\\AppData\\Local\\pypoetry\\Cache\\virtualenvs\\backend-_k5Wmz7H-py3.14\\Lib\\site-packages\\fastapi\\middleware\\asyncexitstack.py\", line 18, in __call__\n    await self.app(scope, receive, send)\n  File \"C:\\Users\\thais\\AppData\\Local\\pypoetry\\Cache\\virtualenvs\\backend-_k5Wmz7H-py3.14\\Lib\\site-packages\\starlette\\routing.py\", line 716, in __call__\n    await self.middleware_stack(scope, receive, send)\n  File \"C:\\Users\\thais\\AppData\\Local\\pypoetry\\Cache\\virtualenvs\\backend-_k5Wmz7H-py3.14\\Lib\\site-packages\\starlette\\routing.py\", line 736, in app\n    await route.handle(scope, receive, send)\n  File \"C:\\Users\\thais\\AppData\\Local\\pypoetry\\Cache\\virtualenvs\\backend-_k5Wmz7H-py3.14\\Lib\\site-packages\\starlette\\routing.py\", line 290, in handle\n    await self.app(scope, receive, send)\n  File \"C:\\Users\\thais\\AppData\\Local\\pypoetry\\Cache\\virtualenvs\\backend-_k5Wmz7H-py3.14\\Lib\\site-packages\\fastapi\\routing.py\", line 119, in app\n    await wrap_app_handling_exceptions(app, request)(scope, receive, send)\n  File \"C:\\Users\\thais\\AppData\\Local\\pypoetry\\Cache\\virtualenvs\\backend-_k5Wmz7H-py3.14\\Lib\\site-packages\\starlette\\_exception_handler.py\", line 53, in wrapped_app\n    raise exc\n  File \"C:\\Users\\thais\\AppData\\Local\\pypoetry\\Cache\\virtualenvs\\backend-_k5Wmz7H-py3.14\\Lib\\site-packages\\starlette\\_exception_handler.py\", line 42, in wrapped_app\n    await app(scope, receive, sender)\n  File \"C:\\Users\\thais\\AppData\\Local\\pypoetry\\Cache\\virtualenvs\\backend-_k5Wmz7H-py3.14\\Lib\\site-packages\\fastapi\\routing.py\", line 105, in app\n    response = await f(request)\n               ^^^^^^^^^^^^^^^^\n  File \"C:\\Users\\thais\\AppData\\Local\\pypoetry\\Cache\\virtualenvs\\backend-_k5Wmz7H-py3.14\\Lib\\site-packages\\fastapi\\routing.py\", line 385, in app\n    raw_response = await run_endpoint_function(\n                   ^^^^^^^^^^^^^^^^^^^^^^^^^^^^\n    ...<3 lines>...\n    )\n    ^\n  File \"C:\\Users\\thais\\AppData\\Local\\pypoetry\\Cache\\virtualenvs\\backend-_k5Wmz7H-py3.14\\Lib\\site-packages\\fastapi\\routing.py\", line 284, in run_endpoint_function\n    return await dependant.call(**values)\n           ^^^^^^^^^^^^^^^^^^^^^^^^^^^^^^\n  File \"C:\\Users\\thais\\OneDrive\\Documentos\\GitHub\\gestock\\backend\\backend\\routers\\views_router.py\", line 10, in testando_tabela\n    view.see_product_table()\n    ~~~~~~~~~~~~~~~~~~~~~~^^\n  File \"C:\\Users\\thais\\OneDrive\\Documentos\\GitHub\\gestock\\backend\\backend\\services\\views_service.py\", line 19, in see_product_table\n        self.repo.fetch_all(\n        ~~~~~~~~~~~~~~~~~~~^\n        table=\"produtos\",\n        ^^^^^^^^^^^^^^^^^\n        cols=[\"cod_produto\", \"nome\", \"descricao\", \"categoria\", \"valor_unitario\", \"estoque_atual\", \"estoque_minimo\"],\n        ^^^^^^^^^^^^^^^^^^^^^^^^^^^^^^^^^^^^^^^^^^^^^^^^^^^^^^^^^^^^^^^^^^^^^^^^^^^^^^^^^^^^^^^^^^^^^^^^^^^^^^^^^^^^\n        order_by=\"cod_produto\"\n        ^^^^^^^^^^^^^^^^^^^^^^\n    )\n    ^\nTypeError: Repository.fetch_all() got an unexpected keyword argument 'cols'"}
{"timestamp": "2025-12-14T15:23:37.034865", "level": "ERROR", "logger": "backend", "message": "Erro: POST http://127.0.0.1:8000/views/debug - TypeError", "module": "logger", "function": "log_error", "line": 91, "request_id": "33880b9b-fab4-4961-ad6b-f8519ac98be4", "event_type": "error", "method": "POST", "url": "http://127.0.0.1:8000/views/debug", "status_code": 500, "error_type": "TypeError", "error_message": "Repository.fetch_all() got an unexpected keyword argument 'cols'", "exception": "Traceback (most recent call last):\n  File \"C:\\Users\\thais\\AppData\\Local\\pypoetry\\Cache\\virtualenvs\\backend-_k5Wmz7H-py3.14\\Lib\\site-packages\\starlette\\middleware\\errors.py\", line 164, in __call__\n    await self.app(scope, receive, _send)\n  File \"C:\\Users\\thais\\AppData\\Local\\pypoetry\\Cache\\virtualenvs\\backend-_k5Wmz7H-py3.14\\Lib\\site-packages\\starlette\\middleware\\base.py\", line 191, in __call__\n    with recv_stream, send_stream, collapse_excgroups():\n                                   ~~~~~~~~~~~~~~~~~~^^\n  File \"C:\\Users\\thais\\AppData\\Local\\Programs\\Python\\Python314\\Lib\\contextlib.py\", line 162, in __exit__\n    self.gen.throw(value)\n    ~~~~~~~~~~~~~~^^^^^^^\n  File \"C:\\Users\\thais\\AppData\\Local\\pypoetry\\Cache\\virtualenvs\\backend-_k5Wmz7H-py3.14\\Lib\\site-packages\\starlette\\_utils.py\", line 85, in collapse_excgroups\n    raise exc\n  File \"C:\\Users\\thais\\AppData\\Local\\pypoetry\\Cache\\virtualenvs\\backend-_k5Wmz7H-py3.14\\Lib\\site-packages\\starlette\\middleware\\base.py\", line 193, in __call__\n    response = await self.dispatch_func(request, call_next)\n               ^^^^^^^^^^^^^^^^^^^^^^^^^^^^^^^^^^^^^^^^^^^^\n  File \"C:\\Users\\thais\\OneDrive\\Documentos\\GitHub\\gestock\\backend\\backend\\logging_middleware.py\", line 37, in dispatch\n    response = await call_next(request)\n               ^^^^^^^^^^^^^^^^^^^^^^^^\n  File \"C:\\Users\\thais\\AppData\\Local\\pypoetry\\Cache\\virtualenvs\\backend-_k5Wmz7H-py3.14\\Lib\\site-packages\\starlette\\middleware\\base.py\", line 168, in call_next\n    raise app_exc from app_exc.__cause__ or app_exc.__context__\n  File \"C:\\Users\\thais\\AppData\\Local\\pypoetry\\Cache\\virtualenvs\\backend-_k5Wmz7H-py3.14\\Lib\\site-packages\\starlette\\middleware\\base.py\", line 144, in coro\n    await self.app(scope, receive_or_disconnect, send_no_error)\n  File \"C:\\Users\\thais\\AppData\\Local\\pypoetry\\Cache\\virtualenvs\\backend-_k5Wmz7H-py3.14\\Lib\\site-packages\\starlette\\middleware\\cors.py\", line 93, in __call__\n    await self.simple_response(scope, receive, send, request_headers=headers)\n  File \"C:\\Users\\thais\\AppData\\Local\\pypoetry\\Cache\\virtualenvs\\backend-_k5Wmz7H-py3.14\\Lib\\site-packages\\starlette\\middleware\\cors.py\", line 144, in simple_response\n    await self.app(scope, receive, send)\n  File \"C:\\Users\\thais\\AppData\\Local\\pypoetry\\Cache\\virtualenvs\\backend-_k5Wmz7H-py3.14\\Lib\\site-packages\\starlette\\middleware\\exceptions.py\", line 63, in __call__\n    await wrap_app_handling_exceptions(self.app, conn)(scope, receive, send)\n  File \"C:\\Users\\thais\\AppData\\Local\\pypoetry\\Cache\\virtualenvs\\backend-_k5Wmz7H-py3.14\\Lib\\site-packages\\starlette\\_exception_handler.py\", line 53, in wrapped_app\n    raise exc\n  File \"C:\\Users\\thais\\AppData\\Local\\pypoetry\\Cache\\virtualenvs\\backend-_k5Wmz7H-py3.14\\Lib\\site-packages\\starlette\\_exception_handler.py\", line 42, in wrapped_app\n    await app(scope, receive, sender)\n  File \"C:\\Users\\thais\\AppData\\Local\\pypoetry\\Cache\\virtualenvs\\backend-_k5Wmz7H-py3.14\\Lib\\site-packages\\fastapi\\middleware\\asyncexitstack.py\", line 18, in __call__\n    await self.app(scope, receive, send)\n  File \"C:\\Users\\thais\\AppData\\Local\\pypoetry\\Cache\\virtualenvs\\backend-_k5Wmz7H-py3.14\\Lib\\site-packages\\starlette\\routing.py\", line 716, in __call__\n    await self.middleware_stack(scope, receive, send)\n  File \"C:\\Users\\thais\\AppData\\Local\\pypoetry\\Cache\\virtualenvs\\backend-_k5Wmz7H-py3.14\\Lib\\site-packages\\starlette\\routing.py\", line 736, in app\n    await route.handle(scope, receive, send)\n  File \"C:\\Users\\thais\\AppData\\Local\\pypoetry\\Cache\\virtualenvs\\backend-_k5Wmz7H-py3.14\\Lib\\site-packages\\starlette\\routing.py\", line 290, in handle\n    await self.app(scope, receive, send)\n  File \"C:\\Users\\thais\\AppData\\Local\\pypoetry\\Cache\\virtualenvs\\backend-_k5Wmz7H-py3.14\\Lib\\site-packages\\fastapi\\routing.py\", line 119, in app\n    await wrap_app_handling_exceptions(app, request)(scope, receive, send)\n  File \"C:\\Users\\thais\\AppData\\Local\\pypoetry\\Cache\\virtualenvs\\backend-_k5Wmz7H-py3.14\\Lib\\site-packages\\starlette\\_exception_handler.py\", line 53, in wrapped_app\n    raise exc\n  File \"C:\\Users\\thais\\AppData\\Local\\pypoetry\\Cache\\virtualenvs\\backend-_k5Wmz7H-py3.14\\Lib\\site-packages\\starlette\\_exception_handler.py\", line 42, in wrapped_app\n    await app(scope, receive, sender)\n  File \"C:\\Users\\thais\\AppData\\Local\\pypoetry\\Cache\\virtualenvs\\backend-_k5Wmz7H-py3.14\\Lib\\site-packages\\fastapi\\routing.py\", line 105, in app\n    response = await f(request)\n               ^^^^^^^^^^^^^^^^\n  File \"C:\\Users\\thais\\AppData\\Local\\pypoetry\\Cache\\virtualenvs\\backend-_k5Wmz7H-py3.14\\Lib\\site-packages\\fastapi\\routing.py\", line 385, in app\n    raw_response = await run_endpoint_function(\n                   ^^^^^^^^^^^^^^^^^^^^^^^^^^^^\n    ...<3 lines>...\n    )\n    ^\n  File \"C:\\Users\\thais\\AppData\\Local\\pypoetry\\Cache\\virtualenvs\\backend-_k5Wmz7H-py3.14\\Lib\\site-packages\\fastapi\\routing.py\", line 284, in run_endpoint_function\n    return await dependant.call(**values)\n           ^^^^^^^^^^^^^^^^^^^^^^^^^^^^^^\n  File \"C:\\Users\\thais\\OneDrive\\Documentos\\GitHub\\gestock\\backend\\backend\\routers\\views_router.py\", line 10, in testando_tabela\n    view.see_product_table()\n    ~~~~~~~~~~~~~~~~~~~~~~^^\n  File \"C:\\Users\\thais\\OneDrive\\Documentos\\GitHub\\gestock\\backend\\backend\\services\\views_service.py\", line 19, in see_product_table\n        self.repo.fetch_all(\n        ~~~~~~~~~~~~~~~~~~~^\n        table=\"produtos\",\n        ^^^^^^^^^^^^^^^^^\n        cols=[\"cod_produto\", \"nome\", \"descricao\", \"categoria\", \"valor_unitario\", \"estoque_atual\", \"estoque_minimo\"],\n        ^^^^^^^^^^^^^^^^^^^^^^^^^^^^^^^^^^^^^^^^^^^^^^^^^^^^^^^^^^^^^^^^^^^^^^^^^^^^^^^^^^^^^^^^^^^^^^^^^^^^^^^^^^^^\n        order_by=\"cod_produto\"\n        ^^^^^^^^^^^^^^^^^^^^^^\n    )\n    ^\nTypeError: Repository.fetch_all() got an unexpected keyword argument 'cols'"}
{"timestamp": "2025-12-14T15:23:37.066237", "level": "ERROR", "logger": "uvicorn.error", "message": "Exception in ASGI application\n", "module": "httptools_impl", "function": "run_asgi", "line": 414, "exception": "Traceback (most recent call last):\n  File \"C:\\Users\\thais\\AppData\\Local\\pypoetry\\Cache\\virtualenvs\\backend-_k5Wmz7H-py3.14\\Lib\\site-packages\\uvicorn\\protocols\\http\\httptools_impl.py\", line 409, in run_asgi\n    result = await app(  # type: ignore[func-returns-value]\n             ^^^^^^^^^^^^^^^^^^^^^^^^^^^^^^^^^^^^^^^^^^^^^^\n        self.scope, self.receive, self.send\n        ^^^^^^^^^^^^^^^^^^^^^^^^^^^^^^^^^^^\n    )\n    ^\n  File \"C:\\Users\\thais\\AppData\\Local\\pypoetry\\Cache\\virtualenvs\\backend-_k5Wmz7H-py3.14\\Lib\\site-packages\\uvicorn\\middleware\\proxy_headers.py\", line 60, in __call__\n    return await self.app(scope, receive, send)\n           ^^^^^^^^^^^^^^^^^^^^^^^^^^^^^^^^^^^^\n  File \"C:\\Users\\thais\\AppData\\Local\\pypoetry\\Cache\\virtualenvs\\backend-_k5Wmz7H-py3.14\\Lib\\site-packages\\fastapi\\applications.py\", line 1139, in __call__\n    await super().__call__(scope, receive, send)\n  File \"C:\\Users\\thais\\AppData\\Local\\pypoetry\\Cache\\virtualenvs\\backend-_k5Wmz7H-py3.14\\Lib\\site-packages\\starlette\\applications.py\", line 107, in __call__\n    await self.middleware_stack(scope, receive, send)\n  File \"C:\\Users\\thais\\AppData\\Local\\pypoetry\\Cache\\virtualenvs\\backend-_k5Wmz7H-py3.14\\Lib\\site-packages\\starlette\\middleware\\errors.py\", line 186, in __call__\n    raise exc\n  File \"C:\\Users\\thais\\AppData\\Local\\pypoetry\\Cache\\virtualenvs\\backend-_k5Wmz7H-py3.14\\Lib\\site-packages\\starlette\\middleware\\errors.py\", line 164, in __call__\n    await self.app(scope, receive, _send)\n  File \"C:\\Users\\thais\\AppData\\Local\\pypoetry\\Cache\\virtualenvs\\backend-_k5Wmz7H-py3.14\\Lib\\site-packages\\starlette\\middleware\\base.py\", line 191, in __call__\n    with recv_stream, send_stream, collapse_excgroups():\n                                   ~~~~~~~~~~~~~~~~~~^^\n  File \"C:\\Users\\thais\\AppData\\Local\\Programs\\Python\\Python314\\Lib\\contextlib.py\", line 162, in __exit__\n    self.gen.throw(value)\n    ~~~~~~~~~~~~~~^^^^^^^\n  File \"C:\\Users\\thais\\AppData\\Local\\pypoetry\\Cache\\virtualenvs\\backend-_k5Wmz7H-py3.14\\Lib\\site-packages\\starlette\\_utils.py\", line 85, in collapse_excgroups\n    raise exc\n  File \"C:\\Users\\thais\\AppData\\Local\\pypoetry\\Cache\\virtualenvs\\backend-_k5Wmz7H-py3.14\\Lib\\site-packages\\starlette\\middleware\\base.py\", line 193, in __call__\n    response = await self.dispatch_func(request, call_next)\n               ^^^^^^^^^^^^^^^^^^^^^^^^^^^^^^^^^^^^^^^^^^^^\n  File \"C:\\Users\\thais\\OneDrive\\Documentos\\GitHub\\gestock\\backend\\backend\\logging_middleware.py\", line 37, in dispatch\n    response = await call_next(request)\n               ^^^^^^^^^^^^^^^^^^^^^^^^\n  File \"C:\\Users\\thais\\AppData\\Local\\pypoetry\\Cache\\virtualenvs\\backend-_k5Wmz7H-py3.14\\Lib\\site-packages\\starlette\\middleware\\base.py\", line 168, in call_next\n    raise app_exc from app_exc.__cause__ or app_exc.__context__\n  File \"C:\\Users\\thais\\AppData\\Local\\pypoetry\\Cache\\virtualenvs\\backend-_k5Wmz7H-py3.14\\Lib\\site-packages\\starlette\\middleware\\base.py\", line 144, in coro\n    await self.app(scope, receive_or_disconnect, send_no_error)\n  File \"C:\\Users\\thais\\AppData\\Local\\pypoetry\\Cache\\virtualenvs\\backend-_k5Wmz7H-py3.14\\Lib\\site-packages\\starlette\\middleware\\cors.py\", line 93, in __call__\n    await self.simple_response(scope, receive, send, request_headers=headers)\n  File \"C:\\Users\\thais\\AppData\\Local\\pypoetry\\Cache\\virtualenvs\\backend-_k5Wmz7H-py3.14\\Lib\\site-packages\\starlette\\middleware\\cors.py\", line 144, in simple_response\n    await self.app(scope, receive, send)\n  File \"C:\\Users\\thais\\AppData\\Local\\pypoetry\\Cache\\virtualenvs\\backend-_k5Wmz7H-py3.14\\Lib\\site-packages\\starlette\\middleware\\exceptions.py\", line 63, in __call__\n    await wrap_app_handling_exceptions(self.app, conn)(scope, receive, send)\n  File \"C:\\Users\\thais\\AppData\\Local\\pypoetry\\Cache\\virtualenvs\\backend-_k5Wmz7H-py3.14\\Lib\\site-packages\\starlette\\_exception_handler.py\", line 53, in wrapped_app\n    raise exc\n  File \"C:\\Users\\thais\\AppData\\Local\\pypoetry\\Cache\\virtualenvs\\backend-_k5Wmz7H-py3.14\\Lib\\site-packages\\starlette\\_exception_handler.py\", line 42, in wrapped_app\n    await app(scope, receive, sender)\n  File \"C:\\Users\\thais\\AppData\\Local\\pypoetry\\Cache\\virtualenvs\\backend-_k5Wmz7H-py3.14\\Lib\\site-packages\\fastapi\\middleware\\asyncexitstack.py\", line 18, in __call__\n    await self.app(scope, receive, send)\n  File \"C:\\Users\\thais\\AppData\\Local\\pypoetry\\Cache\\virtualenvs\\backend-_k5Wmz7H-py3.14\\Lib\\site-packages\\starlette\\routing.py\", line 716, in __call__\n    await self.middleware_stack(scope, receive, send)\n  File \"C:\\Users\\thais\\AppData\\Local\\pypoetry\\Cache\\virtualenvs\\backend-_k5Wmz7H-py3.14\\Lib\\site-packages\\starlette\\routing.py\", line 736, in app\n    await route.handle(scope, receive, send)\n  File \"C:\\Users\\thais\\AppData\\Local\\pypoetry\\Cache\\virtualenvs\\backend-_k5Wmz7H-py3.14\\Lib\\site-packages\\starlette\\routing.py\", line 290, in handle\n    await self.app(scope, receive, send)\n  File \"C:\\Users\\thais\\AppData\\Local\\pypoetry\\Cache\\virtualenvs\\backend-_k5Wmz7H-py3.14\\Lib\\site-packages\\fastapi\\routing.py\", line 119, in app\n    await wrap_app_handling_exceptions(app, request)(scope, receive, send)\n  File \"C:\\Users\\thais\\AppData\\Local\\pypoetry\\Cache\\virtualenvs\\backend-_k5Wmz7H-py3.14\\Lib\\site-packages\\starlette\\_exception_handler.py\", line 53, in wrapped_app\n    raise exc\n  File \"C:\\Users\\thais\\AppData\\Local\\pypoetry\\Cache\\virtualenvs\\backend-_k5Wmz7H-py3.14\\Lib\\site-packages\\starlette\\_exception_handler.py\", line 42, in wrapped_app\n    await app(scope, receive, sender)\n  File \"C:\\Users\\thais\\AppData\\Local\\pypoetry\\Cache\\virtualenvs\\backend-_k5Wmz7H-py3.14\\Lib\\site-packages\\fastapi\\routing.py\", line 105, in app\n    response = await f(request)\n               ^^^^^^^^^^^^^^^^\n  File \"C:\\Users\\thais\\AppData\\Local\\pypoetry\\Cache\\virtualenvs\\backend-_k5Wmz7H-py3.14\\Lib\\site-packages\\fastapi\\routing.py\", line 385, in app\n    raw_response = await run_endpoint_function(\n                   ^^^^^^^^^^^^^^^^^^^^^^^^^^^^\n    ...<3 lines>...\n    )\n    ^\n  File \"C:\\Users\\thais\\AppData\\Local\\pypoetry\\Cache\\virtualenvs\\backend-_k5Wmz7H-py3.14\\Lib\\site-packages\\fastapi\\routing.py\", line 284, in run_endpoint_function\n    return await dependant.call(**values)\n           ^^^^^^^^^^^^^^^^^^^^^^^^^^^^^^\n  File \"C:\\Users\\thais\\OneDrive\\Documentos\\GitHub\\gestock\\backend\\backend\\routers\\views_router.py\", line 10, in testando_tabela\n    view.see_product_table()\n    ~~~~~~~~~~~~~~~~~~~~~~^^\n  File \"C:\\Users\\thais\\OneDrive\\Documentos\\GitHub\\gestock\\backend\\backend\\services\\views_service.py\", line 19, in see_product_table\n        self.repo.fetch_all(\n        ~~~~~~~~~~~~~~~~~~~^\n        table=\"produtos\",\n        ^^^^^^^^^^^^^^^^^\n        cols=[\"cod_produto\", \"nome\", \"descricao\", \"categoria\", \"valor_unitario\", \"estoque_atual\", \"estoque_minimo\"],\n        ^^^^^^^^^^^^^^^^^^^^^^^^^^^^^^^^^^^^^^^^^^^^^^^^^^^^^^^^^^^^^^^^^^^^^^^^^^^^^^^^^^^^^^^^^^^^^^^^^^^^^^^^^^^^\n        order_by=\"cod_produto\"\n        ^^^^^^^^^^^^^^^^^^^^^^\n    )\n    ^\nTypeError: Repository.fetch_all() got an unexpected keyword argument 'cols'"}
{"timestamp": "2025-12-14T15:26:35.569788", "level": "ERROR", "logger": "uvicorn.error", "message": "Traceback (most recent call last):\n  File \"C:\\Users\\thais\\AppData\\Local\\Programs\\Python\\Python314\\Lib\\asyncio\\runners.py\", line 127, in run\n    return self._loop.run_until_complete(task)\n           ~~~~~~~~~~~~~~~~~~~~~~~~~~~~~^^^^^^\n  File \"C:\\Users\\thais\\AppData\\Local\\Programs\\Python\\Python314\\Lib\\asyncio\\base_events.py\", line 719, in run_until_complete\n    return future.result()\n           ~~~~~~~~~~~~~^^\nasyncio.exceptions.CancelledError\n\nDuring handling of the above exception, another exception occurred:\n\nTraceback (most recent call last):\n  File \"C:\\Users\\thais\\AppData\\Local\\Programs\\Python\\Python314\\Lib\\asyncio\\runners.py\", line 204, in run\n    return runner.run(main)\n           ~~~~~~~~~~^^^^^^\n  File \"C:\\Users\\thais\\AppData\\Local\\Programs\\Python\\Python314\\Lib\\asyncio\\runners.py\", line 132, in run\n    raise KeyboardInterrupt()\nKeyboardInterrupt\n\nDuring handling of the above exception, another exception occurred:\n\nTraceback (most recent call last):\n  File \"C:\\Users\\thais\\AppData\\Local\\pypoetry\\Cache\\virtualenvs\\backend-_k5Wmz7H-py3.14\\Lib\\site-packages\\starlette\\routing.py\", line 701, in lifespan\n    await receive()\n  File \"C:\\Users\\thais\\AppData\\Local\\pypoetry\\Cache\\virtualenvs\\backend-_k5Wmz7H-py3.14\\Lib\\site-packages\\uvicorn\\lifespan\\on.py\", line 137, in receive\n    return await self.receive_queue.get()\n           ^^^^^^^^^^^^^^^^^^^^^^^^^^^^^^\n  File \"C:\\Users\\thais\\AppData\\Local\\Programs\\Python\\Python314\\Lib\\asyncio\\queues.py\", line 186, in get\n    await getter\nasyncio.exceptions.CancelledError\n", "module": "on", "function": "send", "line": 134}
{"timestamp": "2025-12-14T15:26:37.609960", "level": "ERROR", "logger": "uvicorn.error", "message": "Traceback (most recent call last):\n  File \"C:\\Users\\thais\\AppData\\Local\\Programs\\Python\\Python314\\Lib\\asyncio\\runners.py\", line 127, in run\n    return self._loop.run_until_complete(task)\n           ~~~~~~~~~~~~~~~~~~~~~~~~~~~~~^^^^^^\n  File \"C:\\Users\\thais\\AppData\\Local\\Programs\\Python\\Python314\\Lib\\asyncio\\base_events.py\", line 719, in run_until_complete\n    return future.result()\n           ~~~~~~~~~~~~~^^\nasyncio.exceptions.CancelledError\n\nDuring handling of the above exception, another exception occurred:\n\nTraceback (most recent call last):\n  File \"C:\\Users\\thais\\AppData\\Local\\Programs\\Python\\Python314\\Lib\\asyncio\\runners.py\", line 204, in run\n    return runner.run(main)\n           ~~~~~~~~~~^^^^^^\n  File \"C:\\Users\\thais\\AppData\\Local\\Programs\\Python\\Python314\\Lib\\asyncio\\runners.py\", line 132, in run\n    raise KeyboardInterrupt()\nKeyboardInterrupt\n\nDuring handling of the above exception, another exception occurred:\n\nTraceback (most recent call last):\n  File \"C:\\Users\\thais\\AppData\\Local\\pypoetry\\Cache\\virtualenvs\\backend-_k5Wmz7H-py3.14\\Lib\\site-packages\\starlette\\routing.py\", line 701, in lifespan\n    await receive()\n  File \"C:\\Users\\thais\\AppData\\Local\\pypoetry\\Cache\\virtualenvs\\backend-_k5Wmz7H-py3.14\\Lib\\site-packages\\uvicorn\\lifespan\\on.py\", line 137, in receive\n    return await self.receive_queue.get()\n           ^^^^^^^^^^^^^^^^^^^^^^^^^^^^^^\n  File \"C:\\Users\\thais\\AppData\\Local\\Programs\\Python\\Python314\\Lib\\asyncio\\queues.py\", line 186, in get\n    await getter\nasyncio.exceptions.CancelledError\n", "module": "on", "function": "send", "line": 134}
{"timestamp": "2025-12-14T15:26:40.263892", "level": "ERROR", "logger": "uvicorn.error", "message": "Traceback (most recent call last):\n  File \"C:\\Users\\thais\\AppData\\Local\\Programs\\Python\\Python314\\Lib\\asyncio\\runners.py\", line 127, in run\n    return self._loop.run_until_complete(task)\n           ~~~~~~~~~~~~~~~~~~~~~~~~~~~~~^^^^^^\n  File \"C:\\Users\\thais\\AppData\\Local\\Programs\\Python\\Python314\\Lib\\asyncio\\base_events.py\", line 719, in run_until_complete\n    return future.result()\n           ~~~~~~~~~~~~~^^\nasyncio.exceptions.CancelledError\n\nDuring handling of the above exception, another exception occurred:\n\nTraceback (most recent call last):\n  File \"C:\\Users\\thais\\AppData\\Local\\Programs\\Python\\Python314\\Lib\\asyncio\\runners.py\", line 204, in run\n    return runner.run(main)\n           ~~~~~~~~~~^^^^^^\n  File \"C:\\Users\\thais\\AppData\\Local\\Programs\\Python\\Python314\\Lib\\asyncio\\runners.py\", line 132, in run\n    raise KeyboardInterrupt()\nKeyboardInterrupt\n\nDuring handling of the above exception, another exception occurred:\n\nTraceback (most recent call last):\n  File \"C:\\Users\\thais\\AppData\\Local\\pypoetry\\Cache\\virtualenvs\\backend-_k5Wmz7H-py3.14\\Lib\\site-packages\\starlette\\routing.py\", line 701, in lifespan\n    await receive()\n  File \"C:\\Users\\thais\\AppData\\Local\\pypoetry\\Cache\\virtualenvs\\backend-_k5Wmz7H-py3.14\\Lib\\site-packages\\uvicorn\\lifespan\\on.py\", line 137, in receive\n    return await self.receive_queue.get()\n           ^^^^^^^^^^^^^^^^^^^^^^^^^^^^^^\n  File \"C:\\Users\\thais\\AppData\\Local\\Programs\\Python\\Python314\\Lib\\asyncio\\queues.py\", line 186, in get\n    await getter\nasyncio.exceptions.CancelledError\n", "module": "on", "function": "send", "line": 134}
{"timestamp": "2025-12-14T15:29:42.544123", "level": "ERROR", "logger": "uvicorn.error", "message": "Traceback (most recent call last):\n  File \"C:\\Users\\thais\\AppData\\Local\\Programs\\Python\\Python314\\Lib\\asyncio\\runners.py\", line 127, in run\n    return self._loop.run_until_complete(task)\n           ~~~~~~~~~~~~~~~~~~~~~~~~~~~~~^^^^^^\n  File \"C:\\Users\\thais\\AppData\\Local\\Programs\\Python\\Python314\\Lib\\asyncio\\base_events.py\", line 719, in run_until_complete\n    return future.result()\n           ~~~~~~~~~~~~~^^\nasyncio.exceptions.CancelledError\n\nDuring handling of the above exception, another exception occurred:\n\nTraceback (most recent call last):\n  File \"C:\\Users\\thais\\AppData\\Local\\Programs\\Python\\Python314\\Lib\\asyncio\\runners.py\", line 204, in run\n    return runner.run(main)\n           ~~~~~~~~~~^^^^^^\n  File \"C:\\Users\\thais\\AppData\\Local\\Programs\\Python\\Python314\\Lib\\asyncio\\runners.py\", line 132, in run\n    raise KeyboardInterrupt()\nKeyboardInterrupt\n\nDuring handling of the above exception, another exception occurred:\n\nTraceback (most recent call last):\n  File \"C:\\Users\\thais\\AppData\\Local\\pypoetry\\Cache\\virtualenvs\\backend-_k5Wmz7H-py3.14\\Lib\\site-packages\\starlette\\routing.py\", line 701, in lifespan\n    await receive()\n  File \"C:\\Users\\thais\\AppData\\Local\\pypoetry\\Cache\\virtualenvs\\backend-_k5Wmz7H-py3.14\\Lib\\site-packages\\uvicorn\\lifespan\\on.py\", line 137, in receive\n    return await self.receive_queue.get()\n           ^^^^^^^^^^^^^^^^^^^^^^^^^^^^^^\n  File \"C:\\Users\\thais\\AppData\\Local\\Programs\\Python\\Python314\\Lib\\asyncio\\queues.py\", line 186, in get\n    await getter\nasyncio.exceptions.CancelledError\n", "module": "on", "function": "send", "line": 134}
{"timestamp": "2025-12-14T15:33:14.231083", "level": "ERROR", "logger": "uvicorn.error", "message": "Traceback (most recent call last):\n  File \"C:\\Users\\thais\\AppData\\Local\\Programs\\Python\\Python314\\Lib\\asyncio\\runners.py\", line 127, in run\n    return self._loop.run_until_complete(task)\n           ~~~~~~~~~~~~~~~~~~~~~~~~~~~~~^^^^^^\n  File \"C:\\Users\\thais\\AppData\\Local\\Programs\\Python\\Python314\\Lib\\asyncio\\base_events.py\", line 719, in run_until_complete\n    return future.result()\n           ~~~~~~~~~~~~~^^\nasyncio.exceptions.CancelledError\n\nDuring handling of the above exception, another exception occurred:\n\nTraceback (most recent call last):\n  File \"C:\\Users\\thais\\AppData\\Local\\Programs\\Python\\Python314\\Lib\\asyncio\\runners.py\", line 204, in run\n    return runner.run(main)\n           ~~~~~~~~~~^^^^^^\n  File \"C:\\Users\\thais\\AppData\\Local\\Programs\\Python\\Python314\\Lib\\asyncio\\runners.py\", line 132, in run\n    raise KeyboardInterrupt()\nKeyboardInterrupt\n\nDuring handling of the above exception, another exception occurred:\n\nTraceback (most recent call last):\n  File \"C:\\Users\\thais\\AppData\\Local\\pypoetry\\Cache\\virtualenvs\\backend-_k5Wmz7H-py3.14\\Lib\\site-packages\\starlette\\routing.py\", line 701, in lifespan\n    await receive()\n  File \"C:\\Users\\thais\\AppData\\Local\\pypoetry\\Cache\\virtualenvs\\backend-_k5Wmz7H-py3.14\\Lib\\site-packages\\uvicorn\\lifespan\\on.py\", line 137, in receive\n    return await self.receive_queue.get()\n           ^^^^^^^^^^^^^^^^^^^^^^^^^^^^^^\n  File \"C:\\Users\\thais\\AppData\\Local\\Programs\\Python\\Python314\\Lib\\asyncio\\queues.py\", line 186, in get\n    await getter\nasyncio.exceptions.CancelledError\n", "module": "on", "function": "send", "line": 134}
{"timestamp": "2025-12-14T15:34:59.725426", "level": "ERROR", "logger": "uvicorn.error", "message": "Traceback (most recent call last):\n  File \"C:\\Users\\thais\\AppData\\Local\\Programs\\Python\\Python314\\Lib\\asyncio\\runners.py\", line 127, in run\n    return self._loop.run_until_complete(task)\n           ~~~~~~~~~~~~~~~~~~~~~~~~~~~~~^^^^^^\n  File \"C:\\Users\\thais\\AppData\\Local\\Programs\\Python\\Python314\\Lib\\asyncio\\base_events.py\", line 719, in run_until_complete\n    return future.result()\n           ~~~~~~~~~~~~~^^\nasyncio.exceptions.CancelledError\n\nDuring handling of the above exception, another exception occurred:\n\nTraceback (most recent call last):\n  File \"C:\\Users\\thais\\AppData\\Local\\Programs\\Python\\Python314\\Lib\\asyncio\\runners.py\", line 204, in run\n    return runner.run(main)\n           ~~~~~~~~~~^^^^^^\n  File \"C:\\Users\\thais\\AppData\\Local\\Programs\\Python\\Python314\\Lib\\asyncio\\runners.py\", line 132, in run\n    raise KeyboardInterrupt()\nKeyboardInterrupt\n\nDuring handling of the above exception, another exception occurred:\n\nTraceback (most recent call last):\n  File \"C:\\Users\\thais\\AppData\\Local\\pypoetry\\Cache\\virtualenvs\\backend-_k5Wmz7H-py3.14\\Lib\\site-packages\\starlette\\routing.py\", line 701, in lifespan\n    await receive()\n  File \"C:\\Users\\thais\\AppData\\Local\\pypoetry\\Cache\\virtualenvs\\backend-_k5Wmz7H-py3.14\\Lib\\site-packages\\uvicorn\\lifespan\\on.py\", line 137, in receive\n    return await self.receive_queue.get()\n           ^^^^^^^^^^^^^^^^^^^^^^^^^^^^^^\n  File \"C:\\Users\\thais\\AppData\\Local\\Programs\\Python\\Python314\\Lib\\asyncio\\queues.py\", line 186, in get\n    await getter\nasyncio.exceptions.CancelledError\n", "module": "on", "function": "send", "line": 134}
{"timestamp": "2025-12-14T15:35:01.658762", "level": "ERROR", "logger": "uvicorn.error", "message": "Traceback (most recent call last):\n  File \"C:\\Users\\thais\\AppData\\Local\\Programs\\Python\\Python314\\Lib\\asyncio\\runners.py\", line 127, in run\n    return self._loop.run_until_complete(task)\n           ~~~~~~~~~~~~~~~~~~~~~~~~~~~~~^^^^^^\n  File \"C:\\Users\\thais\\AppData\\Local\\Programs\\Python\\Python314\\Lib\\asyncio\\base_events.py\", line 719, in run_until_complete\n    return future.result()\n           ~~~~~~~~~~~~~^^\nasyncio.exceptions.CancelledError\n\nDuring handling of the above exception, another exception occurred:\n\nTraceback (most recent call last):\n  File \"C:\\Users\\thais\\AppData\\Local\\Programs\\Python\\Python314\\Lib\\asyncio\\runners.py\", line 204, in run\n    return runner.run(main)\n           ~~~~~~~~~~^^^^^^\n  File \"C:\\Users\\thais\\AppData\\Local\\Programs\\Python\\Python314\\Lib\\asyncio\\runners.py\", line 132, in run\n    raise KeyboardInterrupt()\nKeyboardInterrupt\n\nDuring handling of the above exception, another exception occurred:\n\nTraceback (most recent call last):\n  File \"C:\\Users\\thais\\AppData\\Local\\pypoetry\\Cache\\virtualenvs\\backend-_k5Wmz7H-py3.14\\Lib\\site-packages\\starlette\\routing.py\", line 701, in lifespan\n    await receive()\n  File \"C:\\Users\\thais\\AppData\\Local\\pypoetry\\Cache\\virtualenvs\\backend-_k5Wmz7H-py3.14\\Lib\\site-packages\\uvicorn\\lifespan\\on.py\", line 137, in receive\n    return await self.receive_queue.get()\n           ^^^^^^^^^^^^^^^^^^^^^^^^^^^^^^\n  File \"C:\\Users\\thais\\AppData\\Local\\Programs\\Python\\Python314\\Lib\\asyncio\\queues.py\", line 186, in get\n    await getter\nasyncio.exceptions.CancelledError\n", "module": "on", "function": "send", "line": 134}
{"timestamp": "2025-12-14T15:35:03.907640", "level": "ERROR", "logger": "uvicorn.error", "message": "Traceback (most recent call last):\n  File \"C:\\Users\\thais\\AppData\\Local\\Programs\\Python\\Python314\\Lib\\asyncio\\runners.py\", line 127, in run\n    return self._loop.run_until_complete(task)\n           ~~~~~~~~~~~~~~~~~~~~~~~~~~~~~^^^^^^\n  File \"C:\\Users\\thais\\AppData\\Local\\Programs\\Python\\Python314\\Lib\\asyncio\\base_events.py\", line 719, in run_until_complete\n    return future.result()\n           ~~~~~~~~~~~~~^^\nasyncio.exceptions.CancelledError\n\nDuring handling of the above exception, another exception occurred:\n\nTraceback (most recent call last):\n  File \"C:\\Users\\thais\\AppData\\Local\\Programs\\Python\\Python314\\Lib\\asyncio\\runners.py\", line 204, in run\n    return runner.run(main)\n           ~~~~~~~~~~^^^^^^\n  File \"C:\\Users\\thais\\AppData\\Local\\Programs\\Python\\Python314\\Lib\\asyncio\\runners.py\", line 132, in run\n    raise KeyboardInterrupt()\nKeyboardInterrupt\n\nDuring handling of the above exception, another exception occurred:\n\nTraceback (most recent call last):\n  File \"C:\\Users\\thais\\AppData\\Local\\pypoetry\\Cache\\virtualenvs\\backend-_k5Wmz7H-py3.14\\Lib\\site-packages\\starlette\\routing.py\", line 701, in lifespan\n    await receive()\n  File \"C:\\Users\\thais\\AppData\\Local\\pypoetry\\Cache\\virtualenvs\\backend-_k5Wmz7H-py3.14\\Lib\\site-packages\\uvicorn\\lifespan\\on.py\", line 137, in receive\n    return await self.receive_queue.get()\n           ^^^^^^^^^^^^^^^^^^^^^^^^^^^^^^\n  File \"C:\\Users\\thais\\AppData\\Local\\Programs\\Python\\Python314\\Lib\\asyncio\\queues.py\", line 186, in get\n    await getter\nasyncio.exceptions.CancelledError\n", "module": "on", "function": "send", "line": 134}
{"timestamp": "2025-12-14T15:35:05.982336", "level": "ERROR", "logger": "uvicorn.error", "message": "Traceback (most recent call last):\n  File \"C:\\Users\\thais\\AppData\\Local\\Programs\\Python\\Python314\\Lib\\asyncio\\runners.py\", line 127, in run\n    return self._loop.run_until_complete(task)\n           ~~~~~~~~~~~~~~~~~~~~~~~~~~~~~^^^^^^\n  File \"C:\\Users\\thais\\AppData\\Local\\Programs\\Python\\Python314\\Lib\\asyncio\\base_events.py\", line 719, in run_until_complete\n    return future.result()\n           ~~~~~~~~~~~~~^^\nasyncio.exceptions.CancelledError\n\nDuring handling of the above exception, another exception occurred:\n\nTraceback (most recent call last):\n  File \"C:\\Users\\thais\\AppData\\Local\\Programs\\Python\\Python314\\Lib\\asyncio\\runners.py\", line 204, in run\n    return runner.run(main)\n           ~~~~~~~~~~^^^^^^\n  File \"C:\\Users\\thais\\AppData\\Local\\Programs\\Python\\Python314\\Lib\\asyncio\\runners.py\", line 132, in run\n    raise KeyboardInterrupt()\nKeyboardInterrupt\n\nDuring handling of the above exception, another exception occurred:\n\nTraceback (most recent call last):\n  File \"C:\\Users\\thais\\AppData\\Local\\pypoetry\\Cache\\virtualenvs\\backend-_k5Wmz7H-py3.14\\Lib\\site-packages\\starlette\\routing.py\", line 701, in lifespan\n    await receive()\n  File \"C:\\Users\\thais\\AppData\\Local\\pypoetry\\Cache\\virtualenvs\\backend-_k5Wmz7H-py3.14\\Lib\\site-packages\\uvicorn\\lifespan\\on.py\", line 137, in receive\n    return await self.receive_queue.get()\n           ^^^^^^^^^^^^^^^^^^^^^^^^^^^^^^\n  File \"C:\\Users\\thais\\AppData\\Local\\Programs\\Python\\Python314\\Lib\\asyncio\\queues.py\", line 186, in get\n    await getter\nasyncio.exceptions.CancelledError\n", "module": "on", "function": "send", "line": 134}
{"timestamp": "2025-12-14T20:16:47.688095", "level": "ERROR", "logger": "uvicorn.error", "message": "Traceback (most recent call last):\n  File \"C:\\Users\\thais\\AppData\\Local\\Programs\\Python\\Python314\\Lib\\asyncio\\runners.py\", line 127, in run\n    return self._loop.run_until_complete(task)\n           ~~~~~~~~~~~~~~~~~~~~~~~~~~~~~^^^^^^\n  File \"C:\\Users\\thais\\AppData\\Local\\Programs\\Python\\Python314\\Lib\\asyncio\\base_events.py\", line 719, in run_until_complete\n    return future.result()\n           ~~~~~~~~~~~~~^^\nasyncio.exceptions.CancelledError\n\nDuring handling of the above exception, another exception occurred:\n\nTraceback (most recent call last):\n  File \"C:\\Users\\thais\\AppData\\Local\\Programs\\Python\\Python314\\Lib\\asyncio\\runners.py\", line 204, in run\n    return runner.run(main)\n           ~~~~~~~~~~^^^^^^\n  File \"C:\\Users\\thais\\AppData\\Local\\Programs\\Python\\Python314\\Lib\\asyncio\\runners.py\", line 132, in run\n    raise KeyboardInterrupt()\nKeyboardInterrupt\n\nDuring handling of the above exception, another exception occurred:\n\nTraceback (most recent call last):\n  File \"C:\\Users\\thais\\AppData\\Local\\pypoetry\\Cache\\virtualenvs\\backend-_k5Wmz7H-py3.14\\Lib\\site-packages\\starlette\\routing.py\", line 701, in lifespan\n    await receive()\n  File \"C:\\Users\\thais\\AppData\\Local\\pypoetry\\Cache\\virtualenvs\\backend-_k5Wmz7H-py3.14\\Lib\\site-packages\\uvicorn\\lifespan\\on.py\", line 137, in receive\n    return await self.receive_queue.get()\n           ^^^^^^^^^^^^^^^^^^^^^^^^^^^^^^\n  File \"C:\\Users\\thais\\AppData\\Local\\Programs\\Python\\Python314\\Lib\\asyncio\\queues.py\", line 186, in get\n    await getter\nasyncio.exceptions.CancelledError\n", "module": "on", "function": "send", "line": 134}
{"timestamp": "2025-12-14T20:18:49.087767", "level": "ERROR", "logger": "backend", "message": "Erro: POST http://localhost:8000/views/product - AttributeError", "module": "logger", "function": "log_error", "line": 91, "request_id": "81937fba-ddc8-48b0-ac5e-4f2527fb07ff", "event_type": "error", "method": "POST", "url": "http://localhost:8000/views/product", "status_code": 500, "error_type": "AttributeError", "error_message": "isAsc", "exception": "Traceback (most recent call last):\n  File \"C:\\Users\\thais\\OneDrive\\Documentos\\GitHub\\gestock\\backend\\backend\\logging_middleware.py\", line 37, in dispatch\n    response = await call_next(request)\n               ^^^^^^^^^^^^^^^^^^^^^^^^\n  File \"C:\\Users\\thais\\AppData\\Local\\pypoetry\\Cache\\virtualenvs\\backend-_k5Wmz7H-py3.14\\Lib\\site-packages\\starlette\\middleware\\base.py\", line 168, in call_next\n    raise app_exc from app_exc.__cause__ or app_exc.__context__\n  File \"C:\\Users\\thais\\AppData\\Local\\pypoetry\\Cache\\virtualenvs\\backend-_k5Wmz7H-py3.14\\Lib\\site-packages\\starlette\\middleware\\base.py\", line 144, in coro\n    await self.app(scope, receive_or_disconnect, send_no_error)\n  File \"C:\\Users\\thais\\AppData\\Local\\pypoetry\\Cache\\virtualenvs\\backend-_k5Wmz7H-py3.14\\Lib\\site-packages\\starlette\\middleware\\cors.py\", line 93, in __call__\n    await self.simple_response(scope, receive, send, request_headers=headers)\n  File \"C:\\Users\\thais\\AppData\\Local\\pypoetry\\Cache\\virtualenvs\\backend-_k5Wmz7H-py3.14\\Lib\\site-packages\\starlette\\middleware\\cors.py\", line 144, in simple_response\n    await self.app(scope, receive, send)\n  File \"C:\\Users\\thais\\AppData\\Local\\pypoetry\\Cache\\virtualenvs\\backend-_k5Wmz7H-py3.14\\Lib\\site-packages\\starlette\\middleware\\exceptions.py\", line 63, in __call__\n    await wrap_app_handling_exceptions(self.app, conn)(scope, receive, send)\n  File \"C:\\Users\\thais\\AppData\\Local\\pypoetry\\Cache\\virtualenvs\\backend-_k5Wmz7H-py3.14\\Lib\\site-packages\\starlette\\_exception_handler.py\", line 53, in wrapped_app\n    raise exc\n  File \"C:\\Users\\thais\\AppData\\Local\\pypoetry\\Cache\\virtualenvs\\backend-_k5Wmz7H-py3.14\\Lib\\site-packages\\starlette\\_exception_handler.py\", line 42, in wrapped_app\n    await app(scope, receive, sender)\n  File \"C:\\Users\\thais\\AppData\\Local\\pypoetry\\Cache\\virtualenvs\\backend-_k5Wmz7H-py3.14\\Lib\\site-packages\\fastapi\\middleware\\asyncexitstack.py\", line 18, in __call__\n    await self.app(scope, receive, send)\n  File \"C:\\Users\\thais\\AppData\\Local\\pypoetry\\Cache\\virtualenvs\\backend-_k5Wmz7H-py3.14\\Lib\\site-packages\\starlette\\routing.py\", line 716, in __call__\n    await self.middleware_stack(scope, receive, send)\n  File \"C:\\Users\\thais\\AppData\\Local\\pypoetry\\Cache\\virtualenvs\\backend-_k5Wmz7H-py3.14\\Lib\\site-packages\\starlette\\routing.py\", line 736, in app\n    await route.handle(scope, receive, send)\n  File \"C:\\Users\\thais\\AppData\\Local\\pypoetry\\Cache\\virtualenvs\\backend-_k5Wmz7H-py3.14\\Lib\\site-packages\\starlette\\routing.py\", line 290, in handle\n    await self.app(scope, receive, send)\n  File \"C:\\Users\\thais\\AppData\\Local\\pypoetry\\Cache\\virtualenvs\\backend-_k5Wmz7H-py3.14\\Lib\\site-packages\\fastapi\\routing.py\", line 119, in app\n    await wrap_app_handling_exceptions(app, request)(scope, receive, send)\n  File \"C:\\Users\\thais\\AppData\\Local\\pypoetry\\Cache\\virtualenvs\\backend-_k5Wmz7H-py3.14\\Lib\\site-packages\\starlette\\_exception_handler.py\", line 53, in wrapped_app\n    raise exc\n  File \"C:\\Users\\thais\\AppData\\Local\\pypoetry\\Cache\\virtualenvs\\backend-_k5Wmz7H-py3.14\\Lib\\site-packages\\starlette\\_exception_handler.py\", line 42, in wrapped_app\n    await app(scope, receive, sender)\n  File \"C:\\Users\\thais\\AppData\\Local\\pypoetry\\Cache\\virtualenvs\\backend-_k5Wmz7H-py3.14\\Lib\\site-packages\\fastapi\\routing.py\", line 105, in app\n    response = await f(request)\n               ^^^^^^^^^^^^^^^^\n  File \"C:\\Users\\thais\\AppData\\Local\\pypoetry\\Cache\\virtualenvs\\backend-_k5Wmz7H-py3.14\\Lib\\site-packages\\fastapi\\routing.py\", line 385, in app\n    raw_response = await run_endpoint_function(\n                   ^^^^^^^^^^^^^^^^^^^^^^^^^^^^\n    ...<3 lines>...\n    )\n    ^\n  File \"C:\\Users\\thais\\AppData\\Local\\pypoetry\\Cache\\virtualenvs\\backend-_k5Wmz7H-py3.14\\Lib\\site-packages\\fastapi\\routing.py\", line 284, in run_endpoint_function\n    return await dependant.call(**values)\n           ^^^^^^^^^^^^^^^^^^^^^^^^^^^^^^\n  File \"C:\\Users\\thais\\OneDrive\\Documentos\\GitHub\\gestock\\backend\\backend\\routers\\views_router.py\", line 13, in testando_tabela\n    direcao = \"ASC\" if product_filters.isAsc else \"DESC\"\n                       ^^^^^^^^^^^^^^^^^^^^^\n  File \"C:\\Users\\thais\\AppData\\Local\\pypoetry\\Cache\\virtualenvs\\backend-_k5Wmz7H-py3.14\\Lib\\site-packages\\pydantic\\_internal\\_model_construction.py\", line 289, in __getattr__\n    raise AttributeError(item)\nAttributeError: isAsc"}
{"timestamp": "2025-12-14T20:18:49.217232", "level": "ERROR", "logger": "backend", "message": "Erro: POST http://localhost:8000/views/product - AttributeError", "module": "logger", "function": "log_error", "line": 91, "request_id": "81937fba-ddc8-48b0-ac5e-4f2527fb07ff", "event_type": "error", "method": "POST", "url": "http://localhost:8000/views/product", "status_code": 500, "error_type": "AttributeError", "error_message": "isAsc", "exception": "Traceback (most recent call last):\n  File \"C:\\Users\\thais\\AppData\\Local\\pypoetry\\Cache\\virtualenvs\\backend-_k5Wmz7H-py3.14\\Lib\\site-packages\\starlette\\middleware\\errors.py\", line 164, in __call__\n    await self.app(scope, receive, _send)\n  File \"C:\\Users\\thais\\AppData\\Local\\pypoetry\\Cache\\virtualenvs\\backend-_k5Wmz7H-py3.14\\Lib\\site-packages\\starlette\\middleware\\base.py\", line 191, in __call__\n    with recv_stream, send_stream, collapse_excgroups():\n                                   ~~~~~~~~~~~~~~~~~~^^\n  File \"C:\\Users\\thais\\AppData\\Local\\Programs\\Python\\Python314\\Lib\\contextlib.py\", line 162, in __exit__\n    self.gen.throw(value)\n    ~~~~~~~~~~~~~~^^^^^^^\n  File \"C:\\Users\\thais\\AppData\\Local\\pypoetry\\Cache\\virtualenvs\\backend-_k5Wmz7H-py3.14\\Lib\\site-packages\\starlette\\_utils.py\", line 85, in collapse_excgroups\n    raise exc\n  File \"C:\\Users\\thais\\AppData\\Local\\pypoetry\\Cache\\virtualenvs\\backend-_k5Wmz7H-py3.14\\Lib\\site-packages\\starlette\\middleware\\base.py\", line 193, in __call__\n    response = await self.dispatch_func(request, call_next)\n               ^^^^^^^^^^^^^^^^^^^^^^^^^^^^^^^^^^^^^^^^^^^^\n  File \"C:\\Users\\thais\\OneDrive\\Documentos\\GitHub\\gestock\\backend\\backend\\logging_middleware.py\", line 37, in dispatch\n    response = await call_next(request)\n               ^^^^^^^^^^^^^^^^^^^^^^^^\n  File \"C:\\Users\\thais\\AppData\\Local\\pypoetry\\Cache\\virtualenvs\\backend-_k5Wmz7H-py3.14\\Lib\\site-packages\\starlette\\middleware\\base.py\", line 168, in call_next\n    raise app_exc from app_exc.__cause__ or app_exc.__context__\n  File \"C:\\Users\\thais\\AppData\\Local\\pypoetry\\Cache\\virtualenvs\\backend-_k5Wmz7H-py3.14\\Lib\\site-packages\\starlette\\middleware\\base.py\", line 144, in coro\n    await self.app(scope, receive_or_disconnect, send_no_error)\n  File \"C:\\Users\\thais\\AppData\\Local\\pypoetry\\Cache\\virtualenvs\\backend-_k5Wmz7H-py3.14\\Lib\\site-packages\\starlette\\middleware\\cors.py\", line 93, in __call__\n    await self.simple_response(scope, receive, send, request_headers=headers)\n  File \"C:\\Users\\thais\\AppData\\Local\\pypoetry\\Cache\\virtualenvs\\backend-_k5Wmz7H-py3.14\\Lib\\site-packages\\starlette\\middleware\\cors.py\", line 144, in simple_response\n    await self.app(scope, receive, send)\n  File \"C:\\Users\\thais\\AppData\\Local\\pypoetry\\Cache\\virtualenvs\\backend-_k5Wmz7H-py3.14\\Lib\\site-packages\\starlette\\middleware\\exceptions.py\", line 63, in __call__\n    await wrap_app_handling_exceptions(self.app, conn)(scope, receive, send)\n  File \"C:\\Users\\thais\\AppData\\Local\\pypoetry\\Cache\\virtualenvs\\backend-_k5Wmz7H-py3.14\\Lib\\site-packages\\starlette\\_exception_handler.py\", line 53, in wrapped_app\n    raise exc\n  File \"C:\\Users\\thais\\AppData\\Local\\pypoetry\\Cache\\virtualenvs\\backend-_k5Wmz7H-py3.14\\Lib\\site-packages\\starlette\\_exception_handler.py\", line 42, in wrapped_app\n    await app(scope, receive, sender)\n  File \"C:\\Users\\thais\\AppData\\Local\\pypoetry\\Cache\\virtualenvs\\backend-_k5Wmz7H-py3.14\\Lib\\site-packages\\fastapi\\middleware\\asyncexitstack.py\", line 18, in __call__\n    await self.app(scope, receive, send)\n  File \"C:\\Users\\thais\\AppData\\Local\\pypoetry\\Cache\\virtualenvs\\backend-_k5Wmz7H-py3.14\\Lib\\site-packages\\starlette\\routing.py\", line 716, in __call__\n    await self.middleware_stack(scope, receive, send)\n  File \"C:\\Users\\thais\\AppData\\Local\\pypoetry\\Cache\\virtualenvs\\backend-_k5Wmz7H-py3.14\\Lib\\site-packages\\starlette\\routing.py\", line 736, in app\n    await route.handle(scope, receive, send)\n  File \"C:\\Users\\thais\\AppData\\Local\\pypoetry\\Cache\\virtualenvs\\backend-_k5Wmz7H-py3.14\\Lib\\site-packages\\starlette\\routing.py\", line 290, in handle\n    await self.app(scope, receive, send)\n  File \"C:\\Users\\thais\\AppData\\Local\\pypoetry\\Cache\\virtualenvs\\backend-_k5Wmz7H-py3.14\\Lib\\site-packages\\fastapi\\routing.py\", line 119, in app\n    await wrap_app_handling_exceptions(app, request)(scope, receive, send)\n  File \"C:\\Users\\thais\\AppData\\Local\\pypoetry\\Cache\\virtualenvs\\backend-_k5Wmz7H-py3.14\\Lib\\site-packages\\starlette\\_exception_handler.py\", line 53, in wrapped_app\n    raise exc\n  File \"C:\\Users\\thais\\AppData\\Local\\pypoetry\\Cache\\virtualenvs\\backend-_k5Wmz7H-py3.14\\Lib\\site-packages\\starlette\\_exception_handler.py\", line 42, in wrapped_app\n    await app(scope, receive, sender)\n  File \"C:\\Users\\thais\\AppData\\Local\\pypoetry\\Cache\\virtualenvs\\backend-_k5Wmz7H-py3.14\\Lib\\site-packages\\fastapi\\routing.py\", line 105, in app\n    response = await f(request)\n               ^^^^^^^^^^^^^^^^\n  File \"C:\\Users\\thais\\AppData\\Local\\pypoetry\\Cache\\virtualenvs\\backend-_k5Wmz7H-py3.14\\Lib\\site-packages\\fastapi\\routing.py\", line 385, in app\n    raw_response = await run_endpoint_function(\n                   ^^^^^^^^^^^^^^^^^^^^^^^^^^^^\n    ...<3 lines>...\n    )\n    ^\n  File \"C:\\Users\\thais\\AppData\\Local\\pypoetry\\Cache\\virtualenvs\\backend-_k5Wmz7H-py3.14\\Lib\\site-packages\\fastapi\\routing.py\", line 284, in run_endpoint_function\n    return await dependant.call(**values)\n           ^^^^^^^^^^^^^^^^^^^^^^^^^^^^^^\n  File \"C:\\Users\\thais\\OneDrive\\Documentos\\GitHub\\gestock\\backend\\backend\\routers\\views_router.py\", line 13, in testando_tabela\n    direcao = \"ASC\" if product_filters.isAsc else \"DESC\"\n                       ^^^^^^^^^^^^^^^^^^^^^\n  File \"C:\\Users\\thais\\AppData\\Local\\pypoetry\\Cache\\virtualenvs\\backend-_k5Wmz7H-py3.14\\Lib\\site-packages\\pydantic\\_internal\\_model_construction.py\", line 289, in __getattr__\n    raise AttributeError(item)\nAttributeError: isAsc"}
{"timestamp": "2025-12-14T20:18:49.342182", "level": "ERROR", "logger": "uvicorn.error", "message": "Exception in ASGI application\n", "module": "httptools_impl", "function": "run_asgi", "line": 414, "exception": "Traceback (most recent call last):\n  File \"C:\\Users\\thais\\AppData\\Local\\pypoetry\\Cache\\virtualenvs\\backend-_k5Wmz7H-py3.14\\Lib\\site-packages\\uvicorn\\protocols\\http\\httptools_impl.py\", line 409, in run_asgi\n    result = await app(  # type: ignore[func-returns-value]\n             ^^^^^^^^^^^^^^^^^^^^^^^^^^^^^^^^^^^^^^^^^^^^^^\n        self.scope, self.receive, self.send\n        ^^^^^^^^^^^^^^^^^^^^^^^^^^^^^^^^^^^\n    )\n    ^\n  File \"C:\\Users\\thais\\AppData\\Local\\pypoetry\\Cache\\virtualenvs\\backend-_k5Wmz7H-py3.14\\Lib\\site-packages\\uvicorn\\middleware\\proxy_headers.py\", line 60, in __call__\n    return await self.app(scope, receive, send)\n           ^^^^^^^^^^^^^^^^^^^^^^^^^^^^^^^^^^^^\n  File \"C:\\Users\\thais\\AppData\\Local\\pypoetry\\Cache\\virtualenvs\\backend-_k5Wmz7H-py3.14\\Lib\\site-packages\\fastapi\\applications.py\", line 1139, in __call__\n    await super().__call__(scope, receive, send)\n  File \"C:\\Users\\thais\\AppData\\Local\\pypoetry\\Cache\\virtualenvs\\backend-_k5Wmz7H-py3.14\\Lib\\site-packages\\starlette\\applications.py\", line 107, in __call__\n    await self.middleware_stack(scope, receive, send)\n  File \"C:\\Users\\thais\\AppData\\Local\\pypoetry\\Cache\\virtualenvs\\backend-_k5Wmz7H-py3.14\\Lib\\site-packages\\starlette\\middleware\\errors.py\", line 186, in __call__\n    raise exc\n  File \"C:\\Users\\thais\\AppData\\Local\\pypoetry\\Cache\\virtualenvs\\backend-_k5Wmz7H-py3.14\\Lib\\site-packages\\starlette\\middleware\\errors.py\", line 164, in __call__\n    await self.app(scope, receive, _send)\n  File \"C:\\Users\\thais\\AppData\\Local\\pypoetry\\Cache\\virtualenvs\\backend-_k5Wmz7H-py3.14\\Lib\\site-packages\\starlette\\middleware\\base.py\", line 191, in __call__\n    with recv_stream, send_stream, collapse_excgroups():\n                                   ~~~~~~~~~~~~~~~~~~^^\n  File \"C:\\Users\\thais\\AppData\\Local\\Programs\\Python\\Python314\\Lib\\contextlib.py\", line 162, in __exit__\n    self.gen.throw(value)\n    ~~~~~~~~~~~~~~^^^^^^^\n  File \"C:\\Users\\thais\\AppData\\Local\\pypoetry\\Cache\\virtualenvs\\backend-_k5Wmz7H-py3.14\\Lib\\site-packages\\starlette\\_utils.py\", line 85, in collapse_excgroups\n    raise exc\n  File \"C:\\Users\\thais\\AppData\\Local\\pypoetry\\Cache\\virtualenvs\\backend-_k5Wmz7H-py3.14\\Lib\\site-packages\\starlette\\middleware\\base.py\", line 193, in __call__\n    response = await self.dispatch_func(request, call_next)\n               ^^^^^^^^^^^^^^^^^^^^^^^^^^^^^^^^^^^^^^^^^^^^\n  File \"C:\\Users\\thais\\OneDrive\\Documentos\\GitHub\\gestock\\backend\\backend\\logging_middleware.py\", line 37, in dispatch\n    response = await call_next(request)\n               ^^^^^^^^^^^^^^^^^^^^^^^^\n  File \"C:\\Users\\thais\\AppData\\Local\\pypoetry\\Cache\\virtualenvs\\backend-_k5Wmz7H-py3.14\\Lib\\site-packages\\starlette\\middleware\\base.py\", line 168, in call_next\n    raise app_exc from app_exc.__cause__ or app_exc.__context__\n  File \"C:\\Users\\thais\\AppData\\Local\\pypoetry\\Cache\\virtualenvs\\backend-_k5Wmz7H-py3.14\\Lib\\site-packages\\starlette\\middleware\\base.py\", line 144, in coro\n    await self.app(scope, receive_or_disconnect, send_no_error)\n  File \"C:\\Users\\thais\\AppData\\Local\\pypoetry\\Cache\\virtualenvs\\backend-_k5Wmz7H-py3.14\\Lib\\site-packages\\starlette\\middleware\\cors.py\", line 93, in __call__\n    await self.simple_response(scope, receive, send, request_headers=headers)\n  File \"C:\\Users\\thais\\AppData\\Local\\pypoetry\\Cache\\virtualenvs\\backend-_k5Wmz7H-py3.14\\Lib\\site-packages\\starlette\\middleware\\cors.py\", line 144, in simple_response\n    await self.app(scope, receive, send)\n  File \"C:\\Users\\thais\\AppData\\Local\\pypoetry\\Cache\\virtualenvs\\backend-_k5Wmz7H-py3.14\\Lib\\site-packages\\starlette\\middleware\\exceptions.py\", line 63, in __call__\n    await wrap_app_handling_exceptions(self.app, conn)(scope, receive, send)\n  File \"C:\\Users\\thais\\AppData\\Local\\pypoetry\\Cache\\virtualenvs\\backend-_k5Wmz7H-py3.14\\Lib\\site-packages\\starlette\\_exception_handler.py\", line 53, in wrapped_app\n    raise exc\n  File \"C:\\Users\\thais\\AppData\\Local\\pypoetry\\Cache\\virtualenvs\\backend-_k5Wmz7H-py3.14\\Lib\\site-packages\\starlette\\_exception_handler.py\", line 42, in wrapped_app\n    await app(scope, receive, sender)\n  File \"C:\\Users\\thais\\AppData\\Local\\pypoetry\\Cache\\virtualenvs\\backend-_k5Wmz7H-py3.14\\Lib\\site-packages\\fastapi\\middleware\\asyncexitstack.py\", line 18, in __call__\n    await self.app(scope, receive, send)\n  File \"C:\\Users\\thais\\AppData\\Local\\pypoetry\\Cache\\virtualenvs\\backend-_k5Wmz7H-py3.14\\Lib\\site-packages\\starlette\\routing.py\", line 716, in __call__\n    await self.middleware_stack(scope, receive, send)\n  File \"C:\\Users\\thais\\AppData\\Local\\pypoetry\\Cache\\virtualenvs\\backend-_k5Wmz7H-py3.14\\Lib\\site-packages\\starlette\\routing.py\", line 736, in app\n    await route.handle(scope, receive, send)\n  File \"C:\\Users\\thais\\AppData\\Local\\pypoetry\\Cache\\virtualenvs\\backend-_k5Wmz7H-py3.14\\Lib\\site-packages\\starlette\\routing.py\", line 290, in handle\n    await self.app(scope, receive, send)\n  File \"C:\\Users\\thais\\AppData\\Local\\pypoetry\\Cache\\virtualenvs\\backend-_k5Wmz7H-py3.14\\Lib\\site-packages\\fastapi\\routing.py\", line 119, in app\n    await wrap_app_handling_exceptions(app, request)(scope, receive, send)\n  File \"C:\\Users\\thais\\AppData\\Local\\pypoetry\\Cache\\virtualenvs\\backend-_k5Wmz7H-py3.14\\Lib\\site-packages\\starlette\\_exception_handler.py\", line 53, in wrapped_app\n    raise exc\n  File \"C:\\Users\\thais\\AppData\\Local\\pypoetry\\Cache\\virtualenvs\\backend-_k5Wmz7H-py3.14\\Lib\\site-packages\\starlette\\_exception_handler.py\", line 42, in wrapped_app\n    await app(scope, receive, sender)\n  File \"C:\\Users\\thais\\AppData\\Local\\pypoetry\\Cache\\virtualenvs\\backend-_k5Wmz7H-py3.14\\Lib\\site-packages\\fastapi\\routing.py\", line 105, in app\n    response = await f(request)\n               ^^^^^^^^^^^^^^^^\n  File \"C:\\Users\\thais\\AppData\\Local\\pypoetry\\Cache\\virtualenvs\\backend-_k5Wmz7H-py3.14\\Lib\\site-packages\\fastapi\\routing.py\", line 385, in app\n    raw_response = await run_endpoint_function(\n                   ^^^^^^^^^^^^^^^^^^^^^^^^^^^^\n    ...<3 lines>...\n    )\n    ^\n  File \"C:\\Users\\thais\\AppData\\Local\\pypoetry\\Cache\\virtualenvs\\backend-_k5Wmz7H-py3.14\\Lib\\site-packages\\fastapi\\routing.py\", line 284, in run_endpoint_function\n    return await dependant.call(**values)\n           ^^^^^^^^^^^^^^^^^^^^^^^^^^^^^^\n  File \"C:\\Users\\thais\\OneDrive\\Documentos\\GitHub\\gestock\\backend\\backend\\routers\\views_router.py\", line 13, in testando_tabela\n    direcao = \"ASC\" if product_filters.isAsc else \"DESC\"\n                       ^^^^^^^^^^^^^^^^^^^^^\n  File \"C:\\Users\\thais\\AppData\\Local\\pypoetry\\Cache\\virtualenvs\\backend-_k5Wmz7H-py3.14\\Lib\\site-packages\\pydantic\\_internal\\_model_construction.py\", line 289, in __getattr__\n    raise AttributeError(item)\nAttributeError: isAsc"}
{"timestamp": "2025-12-14T20:22:35.889677", "level": "ERROR", "logger": "uvicorn.error", "message": "Traceback (most recent call last):\n  File \"C:\\Users\\thais\\AppData\\Local\\Programs\\Python\\Python314\\Lib\\asyncio\\runners.py\", line 127, in run\n    return self._loop.run_until_complete(task)\n           ~~~~~~~~~~~~~~~~~~~~~~~~~~~~~^^^^^^\n  File \"C:\\Users\\thais\\AppData\\Local\\Programs\\Python\\Python314\\Lib\\asyncio\\base_events.py\", line 719, in run_until_complete\n    return future.result()\n           ~~~~~~~~~~~~~^^\nasyncio.exceptions.CancelledError\n\nDuring handling of the above exception, another exception occurred:\n\nTraceback (most recent call last):\n  File \"C:\\Users\\thais\\AppData\\Local\\Programs\\Python\\Python314\\Lib\\asyncio\\runners.py\", line 204, in run\n    return runner.run(main)\n           ~~~~~~~~~~^^^^^^\n  File \"C:\\Users\\thais\\AppData\\Local\\Programs\\Python\\Python314\\Lib\\asyncio\\runners.py\", line 132, in run\n    raise KeyboardInterrupt()\nKeyboardInterrupt\n\nDuring handling of the above exception, another exception occurred:\n\nTraceback (most recent call last):\n  File \"C:\\Users\\thais\\AppData\\Local\\pypoetry\\Cache\\virtualenvs\\backend-_k5Wmz7H-py3.14\\Lib\\site-packages\\starlette\\routing.py\", line 701, in lifespan\n    await receive()\n  File \"C:\\Users\\thais\\AppData\\Local\\pypoetry\\Cache\\virtualenvs\\backend-_k5Wmz7H-py3.14\\Lib\\site-packages\\uvicorn\\lifespan\\on.py\", line 137, in receive\n    return await self.receive_queue.get()\n           ^^^^^^^^^^^^^^^^^^^^^^^^^^^^^^\n  File \"C:\\Users\\thais\\AppData\\Local\\Programs\\Python\\Python314\\Lib\\asyncio\\queues.py\", line 186, in get\n    await getter\nasyncio.exceptions.CancelledError\n", "module": "on", "function": "send", "line": 134}
